# JRE version: Java(TM) SE Runtime Environment (7.0_80-b15) (build 1.7.0_80-b15)
# Java VM: Java HotSpot(TM) 64-Bit Server VM (24.80-b11 mixed mode windows-amd64 compressed oops)
Heap
 PSYoungGen      total 18944K, used 4782K [0x00000000eb280000, 0x00000000ec780000, 0x0000000100000000)
  eden space 16384K, 13% used [0x00000000eb280000,0x00000000eb4ad968,0x00000000ec280000)
  from space 2560K, 99% used [0x00000000ec500000,0x00000000ec77e020,0x00000000ec780000)
  to   space 2560K, 0% used [0x00000000ec280000,0x00000000ec280000,0x00000000ec500000)
 ParOldGen       total 42496K, used 4328K [0x00000000c1800000, 0x00000000c4180000, 0x00000000eb280000)
  object space 42496K, 10% used [0x00000000c1800000,0x00000000c1c3a300,0x00000000c4180000)
 PSPermGen       total 21504K, used 10884K [0x00000000bc600000, 0x00000000bdb00000, 0x00000000c1800000)
  object space 21504K, 50% used [0x00000000bc600000,0x00000000bd0a1000,0x00000000bdb00000)
GC Heap History (4 events):
Event: 2.131 GC heap before
{Heap before GC invocations=1 (full 0):
 PSYoungGen      total 18944K, used 16384K [0x00000000eb280000, 0x00000000ec780000, 0x0000000100000000)
  eden space 16384K, 100% used [0x00000000eb280000,0x00000000ec280000,0x00000000ec280000)
  from space 2560K, 0% used [0x00000000ec500000,0x00000000ec500000,0x00000000ec780000)
  to   space 2560K, 0% used [0x00000000ec280000,0x00000000ec280000,0x00000000ec500000)
 ParOldGen       total 42496K, used 0K [0x00000000c1800000, 0x00000000c4180000, 0x00000000eb280000)
  object space 42496K, 0% used [0x00000000c1800000,0x00000000c1800000,0x00000000c4180000)
 PSPermGen       total 21504K, used 7408K [0x00000000bc600000, 0x00000000bdb00000, 0x00000000c1800000)
  object space 21504K, 34% used [0x00000000bc600000,0x00000000bcd3c058,0x00000000bdb00000)
Event: 2.143 GC heap after
Heap after GC invocations=1 (full 0):
 PSYoungGen      total 18944K, used 2552K [0x00000000eb280000, 0x00000000ec780000, 0x0000000100000000)
  eden space 16384K, 0% used [0x00000000eb280000,0x00000000eb280000,0x00000000ec280000)
  from space 2560K, 99% used [0x00000000ec280000,0x00000000ec4fe010,0x00000000ec500000)
  to   space 2560K, 0% used [0x00000000ec500000,0x00000000ec500000,0x00000000ec780000)
 ParOldGen       total 42496K, used 1737K [0x00000000c1800000, 0x00000000c4180000, 0x00000000eb280000)
  object space 42496K, 4% used [0x00000000c1800000,0x00000000c19b2628,0x00000000c4180000)
 PSPermGen       total 21504K, used 7408K [0x00000000bc600000, 0x00000000bdb00000, 0x00000000c1800000)
  object space 21504K, 34% used [0x00000000bc600000,0x00000000bcd3c058,0x00000000bdb00000)
}
Event: 3.135 GC heap before
{Heap before GC invocations=2 (full 0):
 PSYoungGen      total 18944K, used 18936K [0x00000000eb280000, 0x00000000ec780000, 0x0000000100000000)
  eden space 16384K, 100% used [0x00000000eb280000,0x00000000ec280000,0x00000000ec280000)
  from space 2560K, 99% used [0x00000000ec280000,0x00000000ec4fe010,0x00000000ec500000)
  to   space 2560K, 0% used [0x00000000ec500000,0x00000000ec500000,0x00000000ec780000)
 ParOldGen       total 42496K, used 1737K [0x00000000c1800000, 0x00000000c4180000, 0x00000000eb280000)
  object space 42496K, 4% used [0x00000000c1800000,0x00000000c19b2628,0x00000000c4180000)
 PSPermGen       total 21504K, used 10574K [0x00000000bc600000, 0x00000000bdb00000, 0x00000000c1800000)
  object space 21504K, 49% used [0x00000000bc600000,0x00000000bd053968,0x00000000bdb00000)
Event: 3.148 GC heap after
Heap after GC invocations=2 (full 0):
 PSYoungGen      total 18944K, used 2552K [0x00000000eb280000, 0x00000000ec780000, 0x0000000100000000)
  eden space 16384K, 0% used [0x00000000eb280000,0x00000000eb280000,0x00000000ec280000)
  from space 2560K, 99% used [0x00000000ec500000,0x00000000ec77e020,0x00000000ec780000)
  to   space 2560K, 0% used [0x00000000ec280000,0x00000000ec280000,0x00000000ec500000)
 ParOldGen       total 42496K, used 4328K [0x00000000c1800000, 0x00000000c4180000, 0x00000000eb280000)
  object space 42496K, 10% used [0x00000000c1800000,0x00000000c1c3a300,0x00000000c4180000)
 PSPermGen       total 21504K, used 10574K [0x00000000bc600000, 0x00000000bdb00000, 0x00000000c1800000)
  object space 21504K, 49% used [0x00000000bc600000,0x00000000bd053968,0x00000000bdb00000)
}

